TN:
SF:script/GetGift.s.sol
DA:21,0
FN:21,GetGiftScript.run
FNDA:0,GetGiftScript.run
DA:23,0
DA:26,0
DA:29,0
DA:32,0
FNF:1
FNH:0
LF:5
LH:0
BRF:0
BRH:0
end_of_record
TN:
SF:src/GetGift.sol
DA:63,0
FN:63,GetGift.constructor
FNDA:0,GetGift.constructor
DA:64,0
DA:65,0
DA:66,0
DA:67,0
DA:74,0
FN:74,GetGift.sendRequest
FNDA:0,GetGift.sendRequest
DA:83,0
BRDA:83,0,0,-
BRDA:83,0,1,-
DA:84,0
BRDA:84,1,0,-
BRDA:84,1,1,-
DA:87,0
DA:88,0
BRDA:88,2,0,-
BRDA:88,2,1,-
DA:91,0
DA:93,0
DA:95,0
BRDA:95,3,0,-
DA:96,0
DA:98,0
BRDA:98,4,0,-
DA:100,0
DA:103,0
DA:104,0
DA:105,0
DA:115,0
FN:115,GetGift.fulfillRequest
FNDA:0,GetGift.fulfillRequest
DA:116,0
BRDA:116,5,0,-
DA:117,0
DA:119,0
DA:120,0
DA:122,0
DA:125,0
DA:128,0
BRDA:128,7,0,-
DA:130,0
DA:131,0
DA:132,0
DA:136,0
DA:137,0
DA:141,0
FN:141,GetGift.safeMint
FNDA:0,GetGift.safeMint
DA:143,0
DA:144,0
DA:145,0
DA:153,0
FN:153,GetGift.addToAllowList
FNDA:0,GetGift.addToAllowList
DA:154,0
DA:157,0
FN:157,GetGift.removeFromAllowList
FNDA:0,GetGift.removeFromAllowList
DA:158,0
DA:161,0
FN:161,GetGift.onlyAllowList
FNDA:0,GetGift.onlyAllowList
DA:162,0
BRDA:162,8,0,-
BRDA:162,8,1,-
DA:166,0
FN:166,GetGift.getgiftCodeRedeemed
FNDA:0,GetGift.getgiftCodeRedeemed
DA:167,0
FNF:8
FNH:0
LF:44
LH:0
BRF:12
BRH:0
end_of_record
