TN:
SF:script/GetGift.s.sol
DA:9,0
FN:9,DeployGetGift.run
FNDA:0,DeployGetGift.run
DA:10,0
DA:11,0
DA:12,0
DA:13,0
FNF:1
FNH:0
LF:5
LH:0
BRF:0
BRH:0
end_of_record
TN:
SF:src/GetGift.sol
DA:62,37
FN:62,GetGift.constructor
FNDA:37,GetGift.constructor
DA:63,37
DA:64,37
DA:65,37
DA:66,37
DA:73,30
FN:73,GetGift.sendRequest
FNDA:30,GetGift.sendRequest
DA:81,30
DA:82,29
BRDA:82,0,0,-
BRDA:82,0,1,-
DA:85,26
DA:86,26
DA:87,26
BRDA:87,1,0,26
DA:88,26
DA:90,26
BRDA:90,2,0,26
DA:91,30
DA:93,30
DA:94,30
DA:95,25
DA:105,18
FN:105,GetGift.fulfillRequest
FNDA:18,GetGift.fulfillRequest
DA:106,18
BRDA:106,3,0,1
DA:107,1
DA:109,17
DA:110,17
DA:112,17
DA:115,17
DA:118,15
BRDA:118,5,0,14
DA:120,14
DA:123,14
DA:124,14
DA:126,14
DA:130,14
DA:131,14
DA:135,14
FN:135,GetGift.safeMint
FNDA:14,GetGift.safeMint
DA:136,14
DA:137,14
DA:138,14
DA:141,0
FN:141,GetGift.addGift
FNDA:0,GetGift.addGift
DA:142,0
DA:145,39
FN:145,GetGift.addToAllowList
FNDA:39,GetGift.addToAllowList
DA:146,39
DA:149,2
FN:149,GetGift.removeFromAllowList
FNDA:2,GetGift.removeFromAllowList
DA:150,2
DA:153,0
FN:153,GetGift.onlyAllowList
FNDA:0,GetGift.onlyAllowList
DA:154,0
BRDA:154,6,0,-
BRDA:154,6,1,-
FNF:8
FNH:6
LF:43
LH:39
BRF:8
BRH:4
end_of_record
TN:
SF:test/utilites/GetGift.utils.t.sol
DA:77,37
FN:77,GetGiftBase.setUp
FNDA:37,GetGiftBase.setUp
DA:78,37
DA:79,37
DA:82,37
DA:83,37
DA:84,37
DA:87,0
DA:90,37
DA:93,37
FN:93,GetGiftBase._setupMockCalls
FNDA:37,GetGiftBase._setupMockCalls
DA:95,37
DA:101,37
DA:104,37
DA:111,0
FN:111,GetGiftBase._makeValidRequest
FNDA:0,GetGiftBase._makeValidRequest
DA:112,0
DA:114,0
DA:115,0
DA:116,0
DA:117,0
DA:118,0
DA:120,0
DA:121,0
DA:123,0
DA:126,0
FN:126,GetGiftBase._setupValidUser
FNDA:0,GetGiftBase._setupValidUser
DA:127,0
DA:128,0
DA:129,0
DA:132,0
FN:132,GetGiftBase._encodeRequest
FNDA:0,GetGiftBase._encodeRequest
DA:137,0
DA:138,0
DA:139,0
FNF:5
FNH:2
LF:30
LH:11
BRF:0
BRH:0
end_of_record
